[debug] [2023-12-26T05:03:34.100Z] ----------------------------------------------------------------------
[debug] [2023-12-26T05:03:34.103Z] Command:       C:\Program Files\nodejs\node.exe C:\Users\emeya\AppData\Roaming\npm\node_modules\firebase-tools\lib\bin\firebase.js emulators:start
[debug] [2023-12-26T05:03:34.104Z] CLI Version:   13.0.2
[debug] [2023-12-26T05:03:34.105Z] Platform:      win32
[debug] [2023-12-26T05:03:34.107Z] Node Version:  v18.18.2
[debug] [2023-12-26T05:03:34.114Z] Time:          Mon Dec 25 2023 21:03:34 GMT-0800 (Pacific Standard Time)
[debug] [2023-12-26T05:03:34.115Z] ----------------------------------------------------------------------
[debug] 
[debug] [2023-12-26T05:03:34.469Z] > command requires scopes: ["email","openid","https://www.googleapis.com/auth/cloudplatformprojects.readonly","https://www.googleapis.com/auth/firebase","https://www.googleapis.com/auth/cloud-platform"]
[debug] [2023-12-26T05:03:34.471Z] > authorizing via signed-in user (selam3388@gmail.com)
[info] i  emulators: Starting emulators: functions {"metadata":{"emulator":{"name":"hub"},"message":"Starting emulators: functions"}}
[debug] [2023-12-26T05:03:34.499Z] [logging] Logging Emulator only supports listening on one address (127.0.0.1). Not listening on ::1
[debug] [2023-12-26T05:03:34.506Z] assigned listening specs for emulators {"user":{"hub":[{"address":"127.0.0.1","family":"IPv4","port":4400},{"address":"::1","family":"IPv6","port":4400}],"ui":[{"address":"127.0.0.1","family":"IPv4","port":4000},{"address":"::1","family":"IPv6","port":4000}],"logging":[{"address":"127.0.0.1","family":"IPv4","port":4500}]},"metadata":{"message":"assigned listening specs for emulators"}}
[debug] [2023-12-26T05:03:34.548Z] [hub] writing locator at C:\Users\emeya\AppData\Local\Temp\hub-clone--frontend.json
[debug] [2023-12-26T05:03:34.707Z] [functions] Functions Emulator only supports listening on one address (127.0.0.1). Not listening on ::1
[debug] [2023-12-26T05:03:34.707Z] [eventarc] Eventarc Emulator only supports listening on one address (127.0.0.1). Not listening on ::1
[debug] [2023-12-26T05:03:34.707Z] late-assigned ports for functions and eventarc emulators {"user":{"hub":[{"address":"127.0.0.1","family":"IPv4","port":4400},{"address":"::1","family":"IPv6","port":4400}],"ui":[{"address":"127.0.0.1","family":"IPv4","port":4000},{"address":"::1","family":"IPv6","port":4000}],"logging":[{"address":"127.0.0.1","family":"IPv4","port":4500}],"functions":[{"address":"127.0.0.1","family":"IPv4","port":5001}],"eventarc":[{"address":"127.0.0.1","family":"IPv4","port":9299}]},"metadata":{"message":"late-assigned ports for functions and eventarc emulators"}}
[warn] !  functions: The following emulators are not running, calls to these services from the Functions emulator will affect production: auth, firestore, database, hosting, pubsub, storage {"metadata":{"emulator":{"name":"functions"},"message":"The following emulators are not running, calls to these services from the Functions emulator will affect production: \u001b[1mauth, firestore, database, hosting, pubsub, storage\u001b[22m"}}
[debug] [2023-12-26T05:03:34.719Z] defaultcredentials: writing to file C:\Users\emeya\AppData\Roaming\firebase\selam3388_gmail_com_application_default_credentials.json
[debug] [2023-12-26T05:03:34.817Z] Setting GAC to C:\Users\emeya\AppData\Roaming\firebase\selam3388_gmail_com_application_default_credentials.json {"metadata":{"emulator":{"name":"functions"},"message":"Setting GAC to C:\\Users\\emeya\\AppData\\Roaming\\firebase\\selam3388_gmail_com_application_default_credentials.json"}}
[debug] [2023-12-26T05:03:34.822Z] >>> [apiv2][query] GET https://firebase.googleapis.com/v1beta1/projects/clone--frontend/adminSdkConfig [none]
[debug] [2023-12-26T05:03:35.199Z] <<< [apiv2][status] GET https://firebase.googleapis.com/v1beta1/projects/clone--frontend/adminSdkConfig 200
[debug] [2023-12-26T05:03:35.199Z] <<< [apiv2][body] GET https://firebase.googleapis.com/v1beta1/projects/clone--frontend/adminSdkConfig {"projectId":"clone--frontend","storageBucket":"clone--frontend.appspot.com"}
[debug] [2023-12-26T05:03:35.334Z] Ignoring unsupported arg: auto_download {"metadata":{"emulator":{"name":"ui"},"message":"Ignoring unsupported arg: auto_download"}}
[debug] [2023-12-26T05:03:35.335Z] Ignoring unsupported arg: port {"metadata":{"emulator":{"name":"ui"},"message":"Ignoring unsupported arg: port"}}
[debug] [2023-12-26T05:03:35.347Z] Starting Emulator UI with command {"binary":"node","args":["C:\\Users\\emeya\\.cache\\firebase\\emulators\\ui-v1.11.7\\server\\server.js"],"optionalArgs":[],"joinArgs":false} {"metadata":{"emulator":{"name":"ui"},"message":"Starting Emulator UI with command {\"binary\":\"node\",\"args\":[\"C:\\\\Users\\\\emeya\\\\.cache\\\\firebase\\\\emulators\\\\ui-v1.11.7\\\\server\\\\server.js\"],\"optionalArgs\":[],\"joinArgs\":false}"}}
[info] i  ui: Emulator UI logging to ui-debug.log {"metadata":{"emulator":{"name":"ui"},"message":"Emulator UI logging to \u001b[1mui-debug.log\u001b[22m"}}
[debug] [2023-12-26T05:03:35.804Z] Web / API server started at 127.0.0.1:4000
 {"metadata":{"emulator":{"name":"ui"},"message":"Web / API server started at 127.0.0.1:4000\n"}}
[debug] [2023-12-26T05:03:35.804Z] Web / API server started at ::1:4000
 {"metadata":{"emulator":{"name":"ui"},"message":"Web / API server started at ::1:4000\n"}}
[info] i  functions: Watching "C:\Users\emeya\OneDrive\Desktop\evangadi\phase 6\Amazon clone frontend\amazon-clone\functions" for Cloud Functions... {"metadata":{"emulator":{"name":"functions"},"message":"Watching \"C:\\Users\\emeya\\OneDrive\\Desktop\\evangadi\\phase 6\\Amazon clone frontend\\amazon-clone\\functions\" for Cloud Functions..."}}
[debug] [2023-12-26T05:03:36.029Z] Validating nodejs source
[debug] [2023-12-26T05:03:41.346Z] > [functions] package.json contents: {
  "name": "functions",
  "description": "Cloud Functions for Firebase",
  "scripts": {
    "lint": "eslint .",
    "serve": "firebase emulators:start --only functions",
    "shell": "firebase functions:shell",
    "start": "npm run shell",
    "deploy": "firebase deploy --only functions",
    "logs": "firebase functions:log"
  },
  "engines": {
    "node": "18"
  },
  "main": "index.js",
  "dependencies": {
    "cors": "^2.8.5",
    "express": "^4.18.2",
    "firebase-admin": "^11.8.0",
    "firebase-functions": "^4.3.1",
    "stripe": "^14.10.0"
  },
  "devDependencies": {
    "eslint": "^8.15.0",
    "eslint-config-google": "^0.14.0",
    "firebase-functions-test": "^3.1.0"
  },
  "private": true
}
[debug] [2023-12-26T05:03:41.347Z] Building nodejs source
[debug] [2023-12-26T05:03:41.349Z] Failed to find version of module node: reached end of search path C:\Users\emeya\OneDrive\Desktop\evangadi\phase 6\Amazon clone frontend\amazon-clone\functions\node_modules
[info] +  functions: Using node@18 from host. 
[debug] [2023-12-26T05:03:41.353Z] Could not find functions.yaml. Must use http discovery
[debug] [2023-12-26T05:03:41.374Z] Found firebase-functions binary at 'C:\Users\emeya\OneDrive\Desktop\evangadi\phase 6\Amazon clone frontend\amazon-clone\functions\node_modules\.bin\firebase-functions'
[info] Serving at port 8896

[debug] [2023-12-26T05:03:43.238Z] Got response from /__/functions.yaml {"endpoints":{"api":{"platform":"gcfv1","availableMemoryMb":null,"timeoutSeconds":null,"minInstances":null,"maxInstances":null,"ingressSettings":null,"serviceAccountEmail":null,"vpc":null,"httpsTrigger":{},"entryPoint":"api"}},"specVersion":"v1alpha1","requiredAPIs":[]}
[info] +  functions: Loaded functions definitions from source: api. {"metadata":{"emulator":{"name":"functions"},"message":"Loaded functions definitions from source: api."}}
[info] +  functions[us-central1-api]: http function initialized (http://127.0.0.1:5001/clone--frontend/us-central1/api). {"metadata":{"emulator":{"name":"functions"},"message":"\u001b[1mhttp\u001b[22m function initialized (http://127.0.0.1:5001/clone--frontend/us-central1/api)."}}
[info] 
┌─────────────────────────────────────────────────────────────┐
│ ✔  All emulators ready! It is now safe to connect your app. │
│ i  View Emulator UI at http://127.0.0.1:4000/               │
└─────────────────────────────────────────────────────────────┘

┌───────────┬────────────────┬─────────────────────────────────┐
│ Emulator  │ Host:Port      │ View in Emulator UI             │
├───────────┼────────────────┼─────────────────────────────────┤
│ Functions │ 127.0.0.1:5001 │ http://127.0.0.1:4000/functions │
└───────────┴────────────────┴─────────────────────────────────┘
  Emulator Hub running at 127.0.0.1:4400
  Other reserved ports: 4500

Issues? Report them at https://github.com/firebase/firebase-tools/issues and attach the *-debug.log files.
 
[debug] [2023-12-26T05:04:28.278Z] [work-queue] {"queuedWork":["/clone--frontend/us-central1/api/payments/create-2023-12-26T05:04:28.278Z"],"queueLength":1,"runningWork":[],"workRunningCount":0}
[debug] [2023-12-26T05:04:28.280Z] [work-queue] {"queuedWork":[],"queueLength":0,"runningWork":["/clone--frontend/us-central1/api/payments/create-2023-12-26T05:04:28.278Z"],"workRunningCount":1}
[debug] [2023-12-26T05:04:28.281Z] Accepted request POST /clone--frontend/us-central1/api/payments/create?total=19999 --> us-central1-api
[debug] [2023-12-26T05:04:28.287Z] [functions] Runtime ready! Sending request! {"metadata":{"emulator":{"name":"functions"},"message":"[functions] Runtime ready! Sending request!"}}
[debug] [2023-12-26T05:04:28.289Z] [functions] Got req.url=/clone--frontend/us-central1/api/payments/create?total=19999, mapping to path=/payments/create?total=19999 {"metadata":{"emulator":{"name":"functions"},"message":"[functions] Got req.url=/clone--frontend/us-central1/api/payments/create?total=19999, mapping to path=/payments/create?total=19999"}}
[debug] [2023-12-26T05:04:28.309Z] [worker-pool] addWorker(us-central1-api) {"metadata":{"emulator":{"name":"functions"},"message":"[worker-pool] addWorker(us-central1-api)"}}
[debug] [2023-12-26T05:04:28.311Z] [worker-pool] Adding worker with key us-central1-api, total=1 {"metadata":{"emulator":{"name":"functions"},"message":"[worker-pool] Adding worker with key us-central1-api, total=1"}}
[debug] [2023-12-26T05:04:28.597Z] [work-queue] {"queuedWork":["/clone--frontend/us-central1/api/payments/create-2023-12-26T05:04:28.597Z"],"queueLength":1,"runningWork":["/clone--frontend/us-central1/api/payments/create-2023-12-26T05:04:28.278Z"],"workRunningCount":1}
[debug] [2023-12-26T05:04:28.597Z] [work-queue] {"queuedWork":[],"queueLength":0,"runningWork":["/clone--frontend/us-central1/api/payments/create-2023-12-26T05:04:28.278Z","/clone--frontend/us-central1/api/payments/create-2023-12-26T05:04:28.597Z"],"workRunningCount":2}
[debug] [2023-12-26T05:04:28.597Z] Accepted request POST /clone--frontend/us-central1/api/payments/create?total=19999 --> us-central1-api
[debug] [2023-12-26T05:04:28.602Z] [functions] Runtime ready! Sending request! {"metadata":{"emulator":{"name":"functions"},"message":"[functions] Runtime ready! Sending request!"}}
[debug] [2023-12-26T05:04:28.602Z] [functions] Got req.url=/clone--frontend/us-central1/api/payments/create?total=19999, mapping to path=/payments/create?total=19999 {"metadata":{"emulator":{"name":"functions"},"message":"[functions] Got req.url=/clone--frontend/us-central1/api/payments/create?total=19999, mapping to path=/payments/create?total=19999"}}
[debug] [2023-12-26T05:04:28.619Z] [worker-pool] addWorker(us-central1-api) {"metadata":{"emulator":{"name":"functions"},"message":"[worker-pool] addWorker(us-central1-api)"}}
[debug] [2023-12-26T05:04:28.619Z] [worker-pool] Adding worker with key us-central1-api, total=2 {"metadata":{"emulator":{"name":"functions"},"message":"[worker-pool] Adding worker with key us-central1-api, total=2"}}
[debug] [2023-12-26T05:04:35.044Z] [runtime-status] [21660] Resolved module firebase-admin {"declared":true,"installed":true,"version":"11.11.1","resolution":"C:\\Users\\emeya\\OneDrive\\Desktop\\evangadi\\phase 6\\Amazon clone frontend\\amazon-clone\\functions\\node_modules\\firebase-admin\\lib\\index.js"} {"metadata":{"emulator":{"name":"functions"},"function":{"name":"us-central1-api"},"extension":{},"message":"[runtime-status] [21660] Resolved module firebase-admin {\"declared\":true,\"installed\":true,\"version\":\"11.11.1\",\"resolution\":\"C:\\\\Users\\\\emeya\\\\OneDrive\\\\Desktop\\\\evangadi\\\\phase 6\\\\Amazon clone frontend\\\\amazon-clone\\\\functions\\\\node_modules\\\\firebase-admin\\\\lib\\\\index.js\"}"}}
[debug] [2023-12-26T05:04:35.049Z] [runtime-status] [21660] Resolved module firebase-functions {"declared":true,"installed":true,"version":"4.5.0","resolution":"C:\\Users\\emeya\\OneDrive\\Desktop\\evangadi\\phase 6\\Amazon clone frontend\\amazon-clone\\functions\\node_modules\\firebase-functions\\lib\\v1\\index.js"} {"metadata":{"emulator":{"name":"functions"},"function":{"name":"us-central1-api"},"extension":{},"message":"[runtime-status] [21660] Resolved module firebase-functions {\"declared\":true,\"installed\":true,\"version\":\"4.5.0\",\"resolution\":\"C:\\\\Users\\\\emeya\\\\OneDrive\\\\Desktop\\\\evangadi\\\\phase 6\\\\Amazon clone frontend\\\\amazon-clone\\\\functions\\\\node_modules\\\\firebase-functions\\\\lib\\\\v1\\\\index.js\"}"}}
[debug] [2023-12-26T05:04:35.053Z] [runtime-status] [21660] Outgoing network have been stubbed. [{"name":"http","status":"mocked"},{"name":"http","status":"mocked"},{"name":"https","status":"mocked"},{"name":"https","status":"mocked"},{"name":"net","status":"mocked"}] {"metadata":{"emulator":{"name":"functions"},"function":{"name":"us-central1-api"},"extension":{},"message":"[runtime-status] [21660] Outgoing network have been stubbed. [{\"name\":\"http\",\"status\":\"mocked\"},{\"name\":\"http\",\"status\":\"mocked\"},{\"name\":\"https\",\"status\":\"mocked\"},{\"name\":\"https\",\"status\":\"mocked\"},{\"name\":\"net\",\"status\":\"mocked\"}]"}}
[debug] [2023-12-26T05:04:35.057Z] [runtime-status] [21660] Resolved module firebase-functions {"declared":true,"installed":true,"version":"4.5.0","resolution":"C:\\Users\\emeya\\OneDrive\\Desktop\\evangadi\\phase 6\\Amazon clone frontend\\amazon-clone\\functions\\node_modules\\firebase-functions\\lib\\v1\\index.js"} {"metadata":{"emulator":{"name":"functions"},"function":{"name":"us-central1-api"},"extension":{},"message":"[runtime-status] [21660] Resolved module firebase-functions {\"declared\":true,\"installed\":true,\"version\":\"4.5.0\",\"resolution\":\"C:\\\\Users\\\\emeya\\\\OneDrive\\\\Desktop\\\\evangadi\\\\phase 6\\\\Amazon clone frontend\\\\amazon-clone\\\\functions\\\\node_modules\\\\firebase-functions\\\\lib\\\\v1\\\\index.js\"}"}}
[debug] [2023-12-26T05:04:35.908Z] [runtime-status] [14640] Resolved module firebase-admin {"declared":true,"installed":true,"version":"11.11.1","resolution":"C:\\Users\\emeya\\OneDrive\\Desktop\\evangadi\\phase 6\\Amazon clone frontend\\amazon-clone\\functions\\node_modules\\firebase-admin\\lib\\index.js"} {"metadata":{"emulator":{"name":"functions"},"function":{"name":"us-central1-api"},"extension":{},"message":"[runtime-status] [14640] Resolved module firebase-admin {\"declared\":true,\"installed\":true,\"version\":\"11.11.1\",\"resolution\":\"C:\\\\Users\\\\emeya\\\\OneDrive\\\\Desktop\\\\evangadi\\\\phase 6\\\\Amazon clone frontend\\\\amazon-clone\\\\functions\\\\node_modules\\\\firebase-admin\\\\lib\\\\index.js\"}"}}
[debug] [2023-12-26T05:04:35.923Z] [runtime-status] [14640] Resolved module firebase-functions {"declared":true,"installed":true,"version":"4.5.0","resolution":"C:\\Users\\emeya\\OneDrive\\Desktop\\evangadi\\phase 6\\Amazon clone frontend\\amazon-clone\\functions\\node_modules\\firebase-functions\\lib\\v1\\index.js"} {"metadata":{"emulator":{"name":"functions"},"function":{"name":"us-central1-api"},"extension":{},"message":"[runtime-status] [14640] Resolved module firebase-functions {\"declared\":true,\"installed\":true,\"version\":\"4.5.0\",\"resolution\":\"C:\\\\Users\\\\emeya\\\\OneDrive\\\\Desktop\\\\evangadi\\\\phase 6\\\\Amazon clone frontend\\\\amazon-clone\\\\functions\\\\node_modules\\\\firebase-functions\\\\lib\\\\v1\\\\index.js\"}"}}
[debug] [2023-12-26T05:04:35.925Z] [runtime-status] [14640] Outgoing network have been stubbed. [{"name":"http","status":"mocked"},{"name":"http","status":"mocked"},{"name":"https","status":"mocked"},{"name":"https","status":"mocked"},{"name":"net","status":"mocked"}] {"metadata":{"emulator":{"name":"functions"},"function":{"name":"us-central1-api"},"extension":{},"message":"[runtime-status] [14640] Outgoing network have been stubbed. [{\"name\":\"http\",\"status\":\"mocked\"},{\"name\":\"http\",\"status\":\"mocked\"},{\"name\":\"https\",\"status\":\"mocked\"},{\"name\":\"https\",\"status\":\"mocked\"},{\"name\":\"net\",\"status\":\"mocked\"}]"}}
[debug] [2023-12-26T05:04:35.927Z] [runtime-status] [14640] Resolved module firebase-functions {"declared":true,"installed":true,"version":"4.5.0","resolution":"C:\\Users\\emeya\\OneDrive\\Desktop\\evangadi\\phase 6\\Amazon clone frontend\\amazon-clone\\functions\\node_modules\\firebase-functions\\lib\\v1\\index.js"} {"metadata":{"emulator":{"name":"functions"},"function":{"name":"us-central1-api"},"extension":{},"message":"[runtime-status] [14640] Resolved module firebase-functions {\"declared\":true,\"installed\":true,\"version\":\"4.5.0\",\"resolution\":\"C:\\\\Users\\\\emeya\\\\OneDrive\\\\Desktop\\\\evangadi\\\\phase 6\\\\Amazon clone frontend\\\\amazon-clone\\\\functions\\\\node_modules\\\\firebase-functions\\\\lib\\\\v1\\\\index.js\"}"}}
[debug] [2023-12-26T05:04:36.487Z] [runtime-status] [21660] Checked functions.config() {"config":{}} {"metadata":{"emulator":{"name":"functions"},"function":{"name":"us-central1-api"},"extension":{},"message":"[runtime-status] [21660] Checked functions.config() {\"config\":{}}"}}
[debug] [2023-12-26T05:04:36.488Z] [runtime-status] [21660] firebase-functions has been stubbed. {"functionsResolution":{"declared":true,"installed":true,"version":"4.5.0","resolution":"C:\\Users\\emeya\\OneDrive\\Desktop\\evangadi\\phase 6\\Amazon clone frontend\\amazon-clone\\functions\\node_modules\\firebase-functions\\lib\\v1\\index.js"}} {"metadata":{"emulator":{"name":"functions"},"function":{"name":"us-central1-api"},"extension":{},"message":"[runtime-status] [21660] firebase-functions has been stubbed. {\"functionsResolution\":{\"declared\":true,\"installed\":true,\"version\":\"4.5.0\",\"resolution\":\"C:\\\\Users\\\\emeya\\\\OneDrive\\\\Desktop\\\\evangadi\\\\phase 6\\\\Amazon clone frontend\\\\amazon-clone\\\\functions\\\\node_modules\\\\firebase-functions\\\\lib\\\\v1\\\\index.js\"}}"}}
[debug] [2023-12-26T05:04:36.490Z] [runtime-status] [21660] Resolved module firebase-functions {"declared":true,"installed":true,"version":"4.5.0","resolution":"C:\\Users\\emeya\\OneDrive\\Desktop\\evangadi\\phase 6\\Amazon clone frontend\\amazon-clone\\functions\\node_modules\\firebase-functions\\lib\\v1\\index.js"} {"metadata":{"emulator":{"name":"functions"},"function":{"name":"us-central1-api"},"extension":{},"message":"[runtime-status] [21660] Resolved module firebase-functions {\"declared\":true,\"installed\":true,\"version\":\"4.5.0\",\"resolution\":\"C:\\\\Users\\\\emeya\\\\OneDrive\\\\Desktop\\\\evangadi\\\\phase 6\\\\Amazon clone frontend\\\\amazon-clone\\\\functions\\\\node_modules\\\\firebase-functions\\\\lib\\\\v1\\\\index.js\"}"}}
[debug] [2023-12-26T05:04:36.494Z] [runtime-status] [21660] Resolved module firebase-admin {"declared":true,"installed":true,"version":"11.11.1","resolution":"C:\\Users\\emeya\\OneDrive\\Desktop\\evangadi\\phase 6\\Amazon clone frontend\\amazon-clone\\functions\\node_modules\\firebase-admin\\lib\\index.js"} {"metadata":{"emulator":{"name":"functions"},"function":{"name":"us-central1-api"},"extension":{},"message":"[runtime-status] [21660] Resolved module firebase-admin {\"declared\":true,\"installed\":true,\"version\":\"11.11.1\",\"resolution\":\"C:\\\\Users\\\\emeya\\\\OneDrive\\\\Desktop\\\\evangadi\\\\phase 6\\\\Amazon clone frontend\\\\amazon-clone\\\\functions\\\\node_modules\\\\firebase-admin\\\\lib\\\\index.js\"}"}}
[debug] [2023-12-26T05:04:36.505Z] [runtime-status] [21660] Resolved module firebase-functions {"declared":true,"installed":true,"version":"4.5.0","resolution":"C:\\Users\\emeya\\OneDrive\\Desktop\\evangadi\\phase 6\\Amazon clone frontend\\amazon-clone\\functions\\node_modules\\firebase-functions\\lib\\v1\\index.js"} {"metadata":{"emulator":{"name":"functions"},"function":{"name":"us-central1-api"},"extension":{},"message":"[runtime-status] [21660] Resolved module firebase-functions {\"declared\":true,\"installed\":true,\"version\":\"4.5.0\",\"resolution\":\"C:\\\\Users\\\\emeya\\\\OneDrive\\\\Desktop\\\\evangadi\\\\phase 6\\\\Amazon clone frontend\\\\amazon-clone\\\\functions\\\\node_modules\\\\firebase-functions\\\\lib\\\\v1\\\\index.js\"}"}}
[debug] [2023-12-26T05:04:36.506Z] [runtime-status] [21660] firebase-admin has been stubbed. {"adminResolution":{"declared":true,"installed":true,"version":"11.11.1","resolution":"C:\\Users\\emeya\\OneDrive\\Desktop\\evangadi\\phase 6\\Amazon clone frontend\\amazon-clone\\functions\\node_modules\\firebase-admin\\lib\\index.js"}} {"metadata":{"emulator":{"name":"functions"},"function":{"name":"us-central1-api"},"extension":{},"message":"[runtime-status] [21660] firebase-admin has been stubbed. {\"adminResolution\":{\"declared\":true,\"installed\":true,\"version\":\"11.11.1\",\"resolution\":\"C:\\\\Users\\\\emeya\\\\OneDrive\\\\Desktop\\\\evangadi\\\\phase 6\\\\Amazon clone frontend\\\\amazon-clone\\\\functions\\\\node_modules\\\\firebase-admin\\\\lib\\\\index.js\"}}"}}
[debug] [2023-12-26T05:04:37.548Z] [runtime-status] [14640] Checked functions.config() {"config":{}} {"metadata":{"emulator":{"name":"functions"},"function":{"name":"us-central1-api"},"extension":{},"message":"[runtime-status] [14640] Checked functions.config() {\"config\":{}}"}}
[debug] [2023-12-26T05:04:37.548Z] [runtime-status] [14640] firebase-functions has been stubbed. {"functionsResolution":{"declared":true,"installed":true,"version":"4.5.0","resolution":"C:\\Users\\emeya\\OneDrive\\Desktop\\evangadi\\phase 6\\Amazon clone frontend\\amazon-clone\\functions\\node_modules\\firebase-functions\\lib\\v1\\index.js"}} {"metadata":{"emulator":{"name":"functions"},"function":{"name":"us-central1-api"},"extension":{},"message":"[runtime-status] [14640] firebase-functions has been stubbed. {\"functionsResolution\":{\"declared\":true,\"installed\":true,\"version\":\"4.5.0\",\"resolution\":\"C:\\\\Users\\\\emeya\\\\OneDrive\\\\Desktop\\\\evangadi\\\\phase 6\\\\Amazon clone frontend\\\\amazon-clone\\\\functions\\\\node_modules\\\\firebase-functions\\\\lib\\\\v1\\\\index.js\"}}"}}
[debug] [2023-12-26T05:04:37.554Z] [runtime-status] [14640] Resolved module firebase-functions {"declared":true,"installed":true,"version":"4.5.0","resolution":"C:\\Users\\emeya\\OneDrive\\Desktop\\evangadi\\phase 6\\Amazon clone frontend\\amazon-clone\\functions\\node_modules\\firebase-functions\\lib\\v1\\index.js"} {"metadata":{"emulator":{"name":"functions"},"function":{"name":"us-central1-api"},"extension":{},"message":"[runtime-status] [14640] Resolved module firebase-functions {\"declared\":true,\"installed\":true,\"version\":\"4.5.0\",\"resolution\":\"C:\\\\Users\\\\emeya\\\\OneDrive\\\\Desktop\\\\evangadi\\\\phase 6\\\\Amazon clone frontend\\\\amazon-clone\\\\functions\\\\node_modules\\\\firebase-functions\\\\lib\\\\v1\\\\index.js\"}"}}
[debug] [2023-12-26T05:04:37.558Z] [runtime-status] [14640] Resolved module firebase-admin {"declared":true,"installed":true,"version":"11.11.1","resolution":"C:\\Users\\emeya\\OneDrive\\Desktop\\evangadi\\phase 6\\Amazon clone frontend\\amazon-clone\\functions\\node_modules\\firebase-admin\\lib\\index.js"} {"metadata":{"emulator":{"name":"functions"},"function":{"name":"us-central1-api"},"extension":{},"message":"[runtime-status] [14640] Resolved module firebase-admin {\"declared\":true,\"installed\":true,\"version\":\"11.11.1\",\"resolution\":\"C:\\\\Users\\\\emeya\\\\OneDrive\\\\Desktop\\\\evangadi\\\\phase 6\\\\Amazon clone frontend\\\\amazon-clone\\\\functions\\\\node_modules\\\\firebase-admin\\\\lib\\\\index.js\"}"}}
[debug] [2023-12-26T05:04:37.566Z] [runtime-status] [14640] Resolved module firebase-functions {"declared":true,"installed":true,"version":"4.5.0","resolution":"C:\\Users\\emeya\\OneDrive\\Desktop\\evangadi\\phase 6\\Amazon clone frontend\\amazon-clone\\functions\\node_modules\\firebase-functions\\lib\\v1\\index.js"} {"metadata":{"emulator":{"name":"functions"},"function":{"name":"us-central1-api"},"extension":{},"message":"[runtime-status] [14640] Resolved module firebase-functions {\"declared\":true,\"installed\":true,\"version\":\"4.5.0\",\"resolution\":\"C:\\\\Users\\\\emeya\\\\OneDrive\\\\Desktop\\\\evangadi\\\\phase 6\\\\Amazon clone frontend\\\\amazon-clone\\\\functions\\\\node_modules\\\\firebase-functions\\\\lib\\\\v1\\\\index.js\"}"}}
[debug] [2023-12-26T05:04:37.566Z] [runtime-status] [14640] firebase-admin has been stubbed. {"adminResolution":{"declared":true,"installed":true,"version":"11.11.1","resolution":"C:\\Users\\emeya\\OneDrive\\Desktop\\evangadi\\phase 6\\Amazon clone frontend\\amazon-clone\\functions\\node_modules\\firebase-admin\\lib\\index.js"}} {"metadata":{"emulator":{"name":"functions"},"function":{"name":"us-central1-api"},"extension":{},"message":"[runtime-status] [14640] firebase-admin has been stubbed. {\"adminResolution\":{\"declared\":true,\"installed\":true,\"version\":\"11.11.1\",\"resolution\":\"C:\\\\Users\\\\emeya\\\\OneDrive\\\\Desktop\\\\evangadi\\\\phase 6\\\\Amazon clone frontend\\\\amazon-clone\\\\functions\\\\node_modules\\\\firebase-admin\\\\lib\\\\index.js\"}}"}}
[debug] [2023-12-26T05:04:37.722Z] [runtime-status] [21660] Functions runtime initialized. {"cwd":"C:\\Users\\emeya\\OneDrive\\Desktop\\evangadi\\phase 6\\Amazon clone frontend\\amazon-clone\\functions","node_version":"18.18.2"} {"metadata":{"emulator":{"name":"functions"},"function":{"name":"us-central1-api"},"extension":{},"message":"[runtime-status] [21660] Functions runtime initialized. {\"cwd\":\"C:\\\\Users\\\\emeya\\\\OneDrive\\\\Desktop\\\\evangadi\\\\phase 6\\\\Amazon clone frontend\\\\amazon-clone\\\\functions\",\"node_version\":\"18.18.2\"}"}}
[debug] [2023-12-26T05:04:37.723Z] [runtime-status] [21660] Listening to port: \\?\pipe\fire_emu_9729b2385d98483a {"metadata":{"emulator":{"name":"functions"},"function":{"name":"us-central1-api"},"extension":{},"message":"[runtime-status] [21660] Listening to port: \\\\?\\pipe\\fire_emu_9729b2385d98483a"}}
[debug] [2023-12-26T05:04:37.775Z] [worker-us-central1-api-9f311337-1164-43e2-a86d-74198d90ba20]: IDLE {"metadata":{"emulator":{"name":"functions"},"function":{"name":"us-central1-api"},"extension":{},"message":"[worker-us-central1-api-9f311337-1164-43e2-a86d-74198d90ba20]: IDLE"}}
[debug] [2023-12-26T05:04:37.777Z] [worker-pool] submitRequest(triggerId=us-central1-api) {"metadata":{"emulator":{"name":"functions"},"message":"[worker-pool] submitRequest(triggerId=us-central1-api)"}}
[info] i  functions: Beginning execution of "us-central1-api" {"metadata":{"emulator":{"name":"functions"},"function":{"name":"us-central1-api"},"extension":{},"message":"Beginning execution of \"us-central1-api\""}}
[debug] [2023-12-26T05:04:37.779Z] [worker-us-central1-api-9f311337-1164-43e2-a86d-74198d90ba20]: BUSY {"metadata":{"emulator":{"name":"functions"},"function":{"name":"us-central1-api"},"extension":{},"message":"[worker-us-central1-api-9f311337-1164-43e2-a86d-74198d90ba20]: BUSY"}}
[info] >  payment request recieved for this amount >>> 19999 {"user":"payment request recieved for this amount >>> 19999","metadata":{"emulator":{"name":"functions"},"function":{"name":"us-central1-api"},"extension":{},"message":"\u001b[90m> \u001b[39m payment request recieved for this amount >>> 19999"}}
[debug] [2023-12-26T05:04:38.664Z] [runtime-status] [14640] Functions runtime initialized. {"cwd":"C:\\Users\\emeya\\OneDrive\\Desktop\\evangadi\\phase 6\\Amazon clone frontend\\amazon-clone\\functions","node_version":"18.18.2"} {"metadata":{"emulator":{"name":"functions"},"function":{"name":"us-central1-api"},"extension":{},"message":"[runtime-status] [14640] Functions runtime initialized. {\"cwd\":\"C:\\\\Users\\\\emeya\\\\OneDrive\\\\Desktop\\\\evangadi\\\\phase 6\\\\Amazon clone frontend\\\\amazon-clone\\\\functions\",\"node_version\":\"18.18.2\"}"}}
[debug] [2023-12-26T05:04:38.665Z] [runtime-status] [14640] Listening to port: \\?\pipe\fire_emu_32ee58b0abaabd39 {"metadata":{"emulator":{"name":"functions"},"function":{"name":"us-central1-api"},"extension":{},"message":"[runtime-status] [14640] Listening to port: \\\\?\\pipe\\fire_emu_32ee58b0abaabd39"}}
[debug] [2023-12-26T05:04:38.697Z] Finishing up request with event=pause {"metadata":{"emulator":{"name":"functions"},"function":{"name":"us-central1-api"},"extension":{},"message":"Finishing up request with event=pause"}}
[info] i  functions: Finished "us-central1-api" in 918.4074ms {"metadata":{"emulator":{"name":"functions"},"function":{"name":"us-central1-api"},"extension":{},"message":"Finished \"us-central1-api\" in 918.4074ms"}}
[debug] [2023-12-26T05:04:38.703Z] [worker-us-central1-api-9f311337-1164-43e2-a86d-74198d90ba20]: IDLE {"metadata":{"emulator":{"name":"functions"},"function":{"name":"us-central1-api"},"extension":{},"message":"[worker-us-central1-api-9f311337-1164-43e2-a86d-74198d90ba20]: IDLE"}}
[debug] [2023-12-26T05:04:38.703Z] Finishing up request with event=finish {"metadata":{"emulator":{"name":"functions"},"function":{"name":"us-central1-api"},"extension":{},"message":"Finishing up request with event=finish"}}
[debug] [2023-12-26T05:04:38.704Z] Finishing up request with event=close {"metadata":{"emulator":{"name":"functions"},"function":{"name":"us-central1-api"},"extension":{},"message":"Finishing up request with event=close"}}
[debug] [2023-12-26T05:04:38.704Z] [work-queue] {"queuedWork":[],"queueLength":0,"runningWork":["/clone--frontend/us-central1/api/payments/create-2023-12-26T05:04:28.278Z"],"workRunningCount":1}
[debug] [2023-12-26T05:04:38.794Z] [worker-us-central1-api-743bc65f-d2ba-4884-80dd-e100d5229f51]: IDLE {"metadata":{"emulator":{"name":"functions"},"function":{"name":"us-central1-api"},"extension":{},"message":"[worker-us-central1-api-743bc65f-d2ba-4884-80dd-e100d5229f51]: IDLE"}}
[debug] [2023-12-26T05:04:38.794Z] [worker-pool] submitRequest(triggerId=us-central1-api) {"metadata":{"emulator":{"name":"functions"},"message":"[worker-pool] submitRequest(triggerId=us-central1-api)"}}
[info] i  functions: Beginning execution of "us-central1-api" {"metadata":{"emulator":{"name":"functions"},"function":{"name":"us-central1-api"},"extension":{},"message":"Beginning execution of \"us-central1-api\""}}
[debug] [2023-12-26T05:04:38.796Z] [worker-us-central1-api-743bc65f-d2ba-4884-80dd-e100d5229f51]: BUSY {"metadata":{"emulator":{"name":"functions"},"function":{"name":"us-central1-api"},"extension":{},"message":"[worker-us-central1-api-743bc65f-d2ba-4884-80dd-e100d5229f51]: BUSY"}}
[info] >  payment request recieved for this amount >>> 19999 {"user":"payment request recieved for this amount >>> 19999","metadata":{"emulator":{"name":"functions"},"function":{"name":"us-central1-api"},"extension":{},"message":"\u001b[90m> \u001b[39m payment request recieved for this amount >>> 19999"}}
[debug] [2023-12-26T05:04:39.854Z] Finishing up request with event=pause {"metadata":{"emulator":{"name":"functions"},"function":{"name":"us-central1-api"},"extension":{},"message":"Finishing up request with event=pause"}}
[info] i  functions: Finished "us-central1-api" in 1058.3816ms {"metadata":{"emulator":{"name":"functions"},"function":{"name":"us-central1-api"},"extension":{},"message":"Finished \"us-central1-api\" in 1058.3816ms"}}
[debug] [2023-12-26T05:04:39.858Z] [worker-us-central1-api-743bc65f-d2ba-4884-80dd-e100d5229f51]: IDLE {"metadata":{"emulator":{"name":"functions"},"function":{"name":"us-central1-api"},"extension":{},"message":"[worker-us-central1-api-743bc65f-d2ba-4884-80dd-e100d5229f51]: IDLE"}}
[debug] [2023-12-26T05:04:39.858Z] Finishing up request with event=finish {"metadata":{"emulator":{"name":"functions"},"function":{"name":"us-central1-api"},"extension":{},"message":"Finishing up request with event=finish"}}
[debug] [2023-12-26T05:04:39.859Z] Finishing up request with event=close {"metadata":{"emulator":{"name":"functions"},"function":{"name":"us-central1-api"},"extension":{},"message":"Finishing up request with event=close"}}
[debug] [2023-12-26T05:04:39.859Z] [work-queue] {"queuedWork":[],"queueLength":0,"runningWork":[],"workRunningCount":0}
[debug] [2023-12-26T05:09:58.264Z] [work-queue] {"queuedWork":["/clone--frontend/us-central1/api/payments/create-2023-12-26T05:09:58.261Z"],"queueLength":1,"runningWork":[],"workRunningCount":0}
[debug] [2023-12-26T05:09:58.283Z] [work-queue] {"queuedWork":[],"queueLength":0,"runningWork":["/clone--frontend/us-central1/api/payments/create-2023-12-26T05:09:58.261Z"],"workRunningCount":1}
[debug] [2023-12-26T05:09:58.286Z] Accepted request POST /clone--frontend/us-central1/api/payments/create?total=2000 --> us-central1-api
[debug] [2023-12-26T05:09:58.319Z] [functions] Runtime ready! Sending request! {"metadata":{"emulator":{"name":"functions"},"message":"[functions] Runtime ready! Sending request!"}}
[debug] [2023-12-26T05:09:58.321Z] [functions] Got req.url=/clone--frontend/us-central1/api/payments/create?total=2000, mapping to path=/payments/create?total=2000 {"metadata":{"emulator":{"name":"functions"},"message":"[functions] Got req.url=/clone--frontend/us-central1/api/payments/create?total=2000, mapping to path=/payments/create?total=2000"}}
[debug] [2023-12-26T05:09:58.328Z] [worker-pool] submitRequest(triggerId=us-central1-api) {"metadata":{"emulator":{"name":"functions"},"message":"[worker-pool] submitRequest(triggerId=us-central1-api)"}}
[info] i  functions: Beginning execution of "us-central1-api" {"metadata":{"emulator":{"name":"functions"},"function":{"name":"us-central1-api"},"extension":{},"message":"Beginning execution of \"us-central1-api\""}}
[debug] [2023-12-26T05:09:58.333Z] [worker-us-central1-api-743bc65f-d2ba-4884-80dd-e100d5229f51]: BUSY {"metadata":{"emulator":{"name":"functions"},"function":{"name":"us-central1-api"},"extension":{},"message":"[worker-us-central1-api-743bc65f-d2ba-4884-80dd-e100d5229f51]: BUSY"}}
[debug] [2023-12-26T05:09:58.341Z] [work-queue] {"queuedWork":["/clone--frontend/us-central1/api/payments/create-2023-12-26T05:09:58.340Z"],"queueLength":1,"runningWork":["/clone--frontend/us-central1/api/payments/create-2023-12-26T05:09:58.261Z"],"workRunningCount":1}
[debug] [2023-12-26T05:09:58.341Z] [work-queue] {"queuedWork":[],"queueLength":0,"runningWork":["/clone--frontend/us-central1/api/payments/create-2023-12-26T05:09:58.261Z","/clone--frontend/us-central1/api/payments/create-2023-12-26T05:09:58.340Z"],"workRunningCount":2}
[debug] [2023-12-26T05:09:58.341Z] Accepted request POST /clone--frontend/us-central1/api/payments/create?total=2000 --> us-central1-api
[debug] [2023-12-26T05:09:58.347Z] [functions] Runtime ready! Sending request! {"metadata":{"emulator":{"name":"functions"},"message":"[functions] Runtime ready! Sending request!"}}
[debug] [2023-12-26T05:09:58.347Z] [functions] Got req.url=/clone--frontend/us-central1/api/payments/create?total=2000, mapping to path=/payments/create?total=2000 {"metadata":{"emulator":{"name":"functions"},"message":"[functions] Got req.url=/clone--frontend/us-central1/api/payments/create?total=2000, mapping to path=/payments/create?total=2000"}}
[debug] [2023-12-26T05:09:58.347Z] [worker-pool] submitRequest(triggerId=us-central1-api) {"metadata":{"emulator":{"name":"functions"},"message":"[worker-pool] submitRequest(triggerId=us-central1-api)"}}
[info] i  functions: Beginning execution of "us-central1-api" {"metadata":{"emulator":{"name":"functions"},"function":{"name":"us-central1-api"},"extension":{},"message":"Beginning execution of \"us-central1-api\""}}
[debug] [2023-12-26T05:09:58.365Z] [worker-us-central1-api-9f311337-1164-43e2-a86d-74198d90ba20]: BUSY {"metadata":{"emulator":{"name":"functions"},"function":{"name":"us-central1-api"},"extension":{},"message":"[worker-us-central1-api-9f311337-1164-43e2-a86d-74198d90ba20]: BUSY"}}
[info] >  payment request recieved for this amount >>> 2000 {"user":"payment request recieved for this amount >>> 2000","metadata":{"emulator":{"name":"functions"},"function":{"name":"us-central1-api"},"extension":{},"message":"\u001b[90m> \u001b[39m payment request recieved for this amount >>> 2000"}}
[info] >  payment request recieved for this amount >>> 2000 {"user":"payment request recieved for this amount >>> 2000","metadata":{"emulator":{"name":"functions"},"function":{"name":"us-central1-api"},"extension":{},"message":"\u001b[90m> \u001b[39m payment request recieved for this amount >>> 2000"}}
[debug] [2023-12-26T05:09:58.951Z] Finishing up request with event=pause {"metadata":{"emulator":{"name":"functions"},"function":{"name":"us-central1-api"},"extension":{},"message":"Finishing up request with event=pause"}}
[info] i  functions: Finished "us-central1-api" in 617.8616ms {"metadata":{"emulator":{"name":"functions"},"function":{"name":"us-central1-api"},"extension":{},"message":"Finished \"us-central1-api\" in 617.8616ms"}}
[debug] [2023-12-26T05:09:58.952Z] [worker-us-central1-api-743bc65f-d2ba-4884-80dd-e100d5229f51]: IDLE {"metadata":{"emulator":{"name":"functions"},"function":{"name":"us-central1-api"},"extension":{},"message":"[worker-us-central1-api-743bc65f-d2ba-4884-80dd-e100d5229f51]: IDLE"}}
[debug] [2023-12-26T05:09:58.953Z] Finishing up request with event=finish {"metadata":{"emulator":{"name":"functions"},"function":{"name":"us-central1-api"},"extension":{},"message":"Finishing up request with event=finish"}}
[debug] [2023-12-26T05:09:58.953Z] Finishing up request with event=close {"metadata":{"emulator":{"name":"functions"},"function":{"name":"us-central1-api"},"extension":{},"message":"Finishing up request with event=close"}}
[debug] [2023-12-26T05:09:58.953Z] [work-queue] {"queuedWork":[],"queueLength":0,"runningWork":["/clone--frontend/us-central1/api/payments/create-2023-12-26T05:09:58.340Z"],"workRunningCount":1}
[debug] [2023-12-26T05:09:58.977Z] Finishing up request with event=pause {"metadata":{"emulator":{"name":"functions"},"function":{"name":"us-central1-api"},"extension":{},"message":"Finishing up request with event=pause"}}
[info] i  functions: Finished "us-central1-api" in 611.7311ms {"metadata":{"emulator":{"name":"functions"},"function":{"name":"us-central1-api"},"extension":{},"message":"Finished \"us-central1-api\" in 611.7311ms"}}
[debug] [2023-12-26T05:09:58.978Z] [worker-us-central1-api-9f311337-1164-43e2-a86d-74198d90ba20]: IDLE {"metadata":{"emulator":{"name":"functions"},"function":{"name":"us-central1-api"},"extension":{},"message":"[worker-us-central1-api-9f311337-1164-43e2-a86d-74198d90ba20]: IDLE"}}
[debug] [2023-12-26T05:09:58.978Z] Finishing up request with event=finish {"metadata":{"emulator":{"name":"functions"},"function":{"name":"us-central1-api"},"extension":{},"message":"Finishing up request with event=finish"}}
[debug] [2023-12-26T05:09:58.978Z] Finishing up request with event=close {"metadata":{"emulator":{"name":"functions"},"function":{"name":"us-central1-api"},"extension":{},"message":"Finishing up request with event=close"}}
[debug] [2023-12-26T05:09:58.978Z] [work-queue] {"queuedWork":[],"queueLength":0,"runningWork":[],"workRunningCount":0}
